root
 |-- key: binary (nullable = true)
 |-- value: binary (nullable = true)
 |-- topic: string (nullable = true)
 |-- partition: integer (nullable = true)
 |-- offset: long (nullable = true)
 |-- timestamp: timestamp (nullable = true)
 |-- timestampType: integer (nullable = true)

-------------------------------------------
Batch: 0
-------------------------------------------
+------------------------------------------+------------------------+-----+
|window                                    |original_crime_type_name|count|
+------------------------------------------+------------------------+-----+
|[2018-12-31 22:00:00, 2018-12-31 23:00:00]|Intoxicated Person      |1    |
|[2018-12-31 23:00:00, 2019-01-01 00:00:00]|Audible Alarm           |4    |
|[2018-12-31 21:00:00, 2018-12-31 22:00:00]|Suspicious Vehicle      |4    |
|[2018-12-31 22:00:00, 2018-12-31 23:00:00]|Fight No Weapon         |3    |
|[2018-12-31 21:00:00, 2018-12-31 22:00:00]|Trespasser              |2    |
|[2018-12-31 22:00:00, 2018-12-31 23:00:00]|Homeless Complaint      |1    |
|[2018-12-31 22:00:00, 2018-12-31 23:00:00]|Vict                    |1    |
|[2018-12-31 22:00:00, 2018-12-31 23:00:00]|Explosion               |1    |
|[2018-12-31 22:00:00, 2018-12-31 23:00:00]|Veh Accident            |1    |
|[2018-12-31 23:00:00, 2019-01-01 00:00:00]|Drunk Driver            |1    |
|[2018-12-31 21:00:00, 2018-12-31 22:00:00]|Well Being Check        |1    |
|[2018-12-31 23:00:00, 2019-01-01 00:00:00]|Assault / Battery       |2    |
|[2018-12-31 21:00:00, 2018-12-31 22:00:00]|Meet W/citizen          |2    |
|[2018-12-31 22:00:00, 2018-12-31 23:00:00]|Assault / Battery       |1    |
|[2018-12-31 21:00:00, 2018-12-31 22:00:00]|Poss                    |1    |
|[2018-12-31 23:00:00, 2019-01-01 00:00:00]|Poss                    |1    |
|[2018-12-31 21:00:00, 2018-12-31 22:00:00]|22500f                  |2    |
|[2018-12-31 22:00:00, 2018-12-31 23:00:00]|Caser                   |1    |
|[2018-12-31 22:00:00, 2018-12-31 23:00:00]|22500f                  |1    |
|[2018-12-31 22:00:00, 2018-12-31 23:00:00]|Audible Alarm           |4    |
+------------------------------------------+------------------------+-----+
only showing top 20 rows

-------------------------------------------
Batch: 1
-------------------------------------------
+------------------------------------------+------------------------+-----+
|window                                    |original_crime_type_name|count|
+------------------------------------------+------------------------+-----+
|[2018-12-31 22:00:00, 2018-12-31 23:00:00]|Intoxicated Person      |1    |
|[2018-12-31 23:00:00, 2019-01-01 00:00:00]|Audible Alarm           |4    |
|[2018-12-31 21:00:00, 2018-12-31 22:00:00]|Suspicious Vehicle      |4    |
|[2018-12-31 22:00:00, 2018-12-31 23:00:00]|Fight No Weapon         |3    |
|[2018-12-31 21:00:00, 2018-12-31 22:00:00]|Trespasser              |2    |
|[2018-12-31 22:00:00, 2018-12-31 23:00:00]|Homeless Complaint      |1    |
|[2018-12-31 22:00:00, 2018-12-31 23:00:00]|Vict                    |1    |
|[2018-12-31 22:00:00, 2018-12-31 23:00:00]|Explosion               |1    |
|[2018-12-31 22:00:00, 2018-12-31 23:00:00]|Veh Accident            |1    |
|[2018-12-31 23:00:00, 2019-01-01 00:00:00]|Drunk Driver            |1    |
|[2018-12-31 21:00:00, 2018-12-31 22:00:00]|Well Being Check        |1    |
|[2018-12-31 23:00:00, 2019-01-01 00:00:00]|Assault / Battery       |2    |
|[2018-12-31 21:00:00, 2018-12-31 22:00:00]|Meet W/citizen          |2    |
|[2018-12-31 22:00:00, 2018-12-31 23:00:00]|Assault / Battery       |1    |
|[2018-12-31 21:00:00, 2018-12-31 22:00:00]|Poss                    |1    |
|[2018-12-31 23:00:00, 2019-01-01 00:00:00]|Poss                    |1    |
|[2018-12-31 21:00:00, 2018-12-31 22:00:00]|22500f                  |2    |
|[2018-12-31 22:00:00, 2018-12-31 23:00:00]|Caser                   |1    |
|[2018-12-31 22:00:00, 2018-12-31 23:00:00]|22500f                  |1    |
|[2018-12-31 22:00:00, 2018-12-31 23:00:00]|Audible Alarm           |4    |
+------------------------------------------+------------------------+-----+
only showing top 20 rows

-------------------------------------------
Batch: 2
-------------------------------------------
+------------------------------------------+------------------------+-----+
|window                                    |original_crime_type_name|count|
+------------------------------------------+------------------------+-----+
|[2018-12-31 22:00:00, 2018-12-31 23:00:00]|Intoxicated Person      |1    |
|[2018-12-31 23:00:00, 2019-01-01 00:00:00]|Audible Alarm           |4    |
|[2018-12-31 21:00:00, 2018-12-31 22:00:00]|Suspicious Vehicle      |4    |
|[2018-12-31 22:00:00, 2018-12-31 23:00:00]|Fight No Weapon         |3    |
|[2018-12-31 21:00:00, 2018-12-31 22:00:00]|Trespasser              |2    |
|[2018-12-31 22:00:00, 2018-12-31 23:00:00]|Homeless Complaint      |1    |
|[2018-12-31 22:00:00, 2018-12-31 23:00:00]|Vict                    |1    |
|[2018-12-31 22:00:00, 2018-12-31 23:00:00]|Explosion               |1    |
|[2018-12-31 22:00:00, 2018-12-31 23:00:00]|Veh Accident            |1    |
|[2018-12-31 23:00:00, 2019-01-01 00:00:00]|Drunk Driver            |1    |
|[2018-12-31 21:00:00, 2018-12-31 22:00:00]|Well Being Check        |1    |
|[2018-12-31 23:00:00, 2019-01-01 00:00:00]|Assault / Battery       |2    |
|[2018-12-31 21:00:00, 2018-12-31 22:00:00]|Meet W/citizen          |2    |
|[2018-12-31 22:00:00, 2018-12-31 23:00:00]|Assault / Battery       |1    |
|[2018-12-31 21:00:00, 2018-12-31 22:00:00]|Poss                    |1    |
|[2018-12-31 23:00:00, 2019-01-01 00:00:00]|Poss                    |1    |
|[2018-12-31 21:00:00, 2018-12-31 22:00:00]|22500f                  |2    |
|[2018-12-31 22:00:00, 2018-12-31 23:00:00]|Caser                   |1    |
|[2018-12-31 22:00:00, 2018-12-31 23:00:00]|22500f                  |1    |
|[2018-12-31 22:00:00, 2018-12-31 23:00:00]|Audible Alarm           |4    |
+------------------------------------------+------------------------+-----+
only showing top 20 rows

-------------------------------------------
Batch: 3
-------------------------------------------
+------------------------------------------+------------------------+-----+
|window                                    |original_crime_type_name|count|
+------------------------------------------+------------------------+-----+
|[2018-12-31 22:00:00, 2018-12-31 23:00:00]|Intoxicated Person      |1    |
|[2018-12-31 23:00:00, 2019-01-01 00:00:00]|Audible Alarm           |4    |
|[2018-12-31 21:00:00, 2018-12-31 22:00:00]|Suspicious Vehicle      |4    |
|[2018-12-31 22:00:00, 2018-12-31 23:00:00]|Fight No Weapon         |3    |
|[2018-12-31 21:00:00, 2018-12-31 22:00:00]|Trespasser              |2    |
|[2018-12-31 22:00:00, 2018-12-31 23:00:00]|Homeless Complaint      |1    |
|[2018-12-31 22:00:00, 2018-12-31 23:00:00]|Vict                    |1    |
|[2018-12-31 22:00:00, 2018-12-31 23:00:00]|Explosion               |1    |
|[2018-12-31 22:00:00, 2018-12-31 23:00:00]|Veh Accident            |1    |
|[2018-12-31 23:00:00, 2019-01-01 00:00:00]|Drunk Driver            |1    |
|[2018-12-31 21:00:00, 2018-12-31 22:00:00]|Well Being Check        |1    |
|[2018-12-31 23:00:00, 2019-01-01 00:00:00]|Assault / Battery       |2    |
|[2018-12-31 21:00:00, 2018-12-31 22:00:00]|Meet W/citizen          |2    |
|[2018-12-31 22:00:00, 2018-12-31 23:00:00]|Assault / Battery       |1    |
|[2018-12-31 21:00:00, 2018-12-31 22:00:00]|Poss                    |1    |
|[2018-12-31 23:00:00, 2019-01-01 00:00:00]|Poss                    |1    |
|[2018-12-31 21:00:00, 2018-12-31 22:00:00]|22500f                  |2    |
|[2018-12-31 22:00:00, 2018-12-31 23:00:00]|Caser                   |1    |
|[2018-12-31 22:00:00, 2018-12-31 23:00:00]|22500f                  |1    |
|[2018-12-31 22:00:00, 2018-12-31 23:00:00]|Audible Alarm           |4    |
+------------------------------------------+------------------------+-----+
only showing top 20 rows

-------------------------------------------
Batch: 4
-------------------------------------------
+------------------------------------------+------------------------+-----+
|window                                    |original_crime_type_name|count|
+------------------------------------------+------------------------+-----+
|[2018-12-31 22:00:00, 2018-12-31 23:00:00]|Intoxicated Person      |1    |
|[2018-12-31 23:00:00, 2019-01-01 00:00:00]|Audible Alarm           |4    |
|[2018-12-31 21:00:00, 2018-12-31 22:00:00]|Suspicious Vehicle      |4    |
|[2018-12-31 22:00:00, 2018-12-31 23:00:00]|Fight No Weapon         |3    |
|[2018-12-31 21:00:00, 2018-12-31 22:00:00]|Trespasser              |2    |
|[2018-12-31 22:00:00, 2018-12-31 23:00:00]|Homeless Complaint      |1    |
|[2018-12-31 22:00:00, 2018-12-31 23:00:00]|Vict                    |1    |
|[2018-12-31 22:00:00, 2018-12-31 23:00:00]|Explosion               |1    |
|[2018-12-31 22:00:00, 2018-12-31 23:00:00]|Veh Accident            |1    |
|[2018-12-31 23:00:00, 2019-01-01 00:00:00]|Drunk Driver            |1    |
|[2018-12-31 21:00:00, 2018-12-31 22:00:00]|Well Being Check        |1    |
|[2018-12-31 23:00:00, 2019-01-01 00:00:00]|Assault / Battery       |2    |
|[2018-12-31 21:00:00, 2018-12-31 22:00:00]|Meet W/citizen          |2    |
|[2018-12-31 22:00:00, 2018-12-31 23:00:00]|Assault / Battery       |1    |
|[2018-12-31 21:00:00, 2018-12-31 22:00:00]|Poss                    |1    |
|[2018-12-31 23:00:00, 2019-01-01 00:00:00]|Poss                    |1    |
|[2018-12-31 21:00:00, 2018-12-31 22:00:00]|22500f                  |2    |
|[2018-12-31 22:00:00, 2018-12-31 23:00:00]|Caser                   |1    |
|[2018-12-31 22:00:00, 2018-12-31 23:00:00]|22500f                  |1    |
|[2018-12-31 22:00:00, 2018-12-31 23:00:00]|Audible Alarm           |4    |
+------------------------------------------+------------------------+-----+
only showing top 20 rows

-------------------------------------------
Batch: 5
-------------------------------------------
+------------------------------------------+------------------------+-----+
|window                                    |original_crime_type_name|count|
+------------------------------------------+------------------------+-----+
|[2018-12-31 22:00:00, 2018-12-31 23:00:00]|Intoxicated Person      |1    |
|[2018-12-31 23:00:00, 2019-01-01 00:00:00]|Audible Alarm           |4    |
|[2018-12-31 21:00:00, 2018-12-31 22:00:00]|Suspicious Vehicle      |4    |
|[2018-12-31 22:00:00, 2018-12-31 23:00:00]|Fight No Weapon         |3    |
|[2018-12-31 21:00:00, 2018-12-31 22:00:00]|Trespasser              |2    |
|[2018-12-31 22:00:00, 2018-12-31 23:00:00]|Homeless Complaint      |1    |
|[2018-12-31 22:00:00, 2018-12-31 23:00:00]|Vict                    |1    |
|[2018-12-31 22:00:00, 2018-12-31 23:00:00]|Explosion               |1    |
|[2018-12-31 22:00:00, 2018-12-31 23:00:00]|Veh Accident            |1    |
|[2018-12-31 23:00:00, 2019-01-01 00:00:00]|Drunk Driver            |1    |
|[2018-12-31 21:00:00, 2018-12-31 22:00:00]|Well Being Check        |1    |
|[2018-12-31 23:00:00, 2019-01-01 00:00:00]|Assault / Battery       |2    |
|[2018-12-31 21:00:00, 2018-12-31 22:00:00]|Meet W/citizen          |2    |
|[2018-12-31 22:00:00, 2018-12-31 23:00:00]|Assault / Battery       |1    |
|[2018-12-31 21:00:00, 2018-12-31 22:00:00]|Poss                    |1    |
|[2018-12-31 23:00:00, 2019-01-01 00:00:00]|Poss                    |1    |
|[2018-12-31 21:00:00, 2018-12-31 22:00:00]|22500f                  |2    |
|[2018-12-31 22:00:00, 2018-12-31 23:00:00]|Caser                   |1    |
|[2018-12-31 22:00:00, 2018-12-31 23:00:00]|22500f                  |1    |
|[2018-12-31 22:00:00, 2018-12-31 23:00:00]|Audible Alarm           |4    |
+------------------------------------------+------------------------+-----+
only showing top 20 rows

-------------------------------------------
Batch: 6
-------------------------------------------
+------------------------------------------+------------------------+-----+
|window                                    |original_crime_type_name|count|
+------------------------------------------+------------------------+-----+
|[2018-12-31 22:00:00, 2018-12-31 23:00:00]|Intoxicated Person      |1    |
|[2018-12-31 23:00:00, 2019-01-01 00:00:00]|Audible Alarm           |4    |
|[2018-12-31 21:00:00, 2018-12-31 22:00:00]|Suspicious Vehicle      |4    |
|[2018-12-31 22:00:00, 2018-12-31 23:00:00]|Fight No Weapon         |3    |
|[2018-12-31 21:00:00, 2018-12-31 22:00:00]|Trespasser              |2    |
|[2018-12-31 22:00:00, 2018-12-31 23:00:00]|Homeless Complaint      |1    |
|[2018-12-31 22:00:00, 2018-12-31 23:00:00]|Vict                    |1    |
|[2018-12-31 22:00:00, 2018-12-31 23:00:00]|Explosion               |1    |
|[2018-12-31 22:00:00, 2018-12-31 23:00:00]|Veh Accident            |1    |
|[2018-12-31 23:00:00, 2019-01-01 00:00:00]|Drunk Driver            |1    |
|[2018-12-31 21:00:00, 2018-12-31 22:00:00]|Well Being Check        |1    |
|[2018-12-31 23:00:00, 2019-01-01 00:00:00]|Assault / Battery       |2    |
|[2018-12-31 21:00:00, 2018-12-31 22:00:00]|Meet W/citizen          |2    |
|[2018-12-31 22:00:00, 2018-12-31 23:00:00]|Assault / Battery       |1    |
|[2018-12-31 21:00:00, 2018-12-31 22:00:00]|Poss                    |1    |
|[2018-12-31 23:00:00, 2019-01-01 00:00:00]|Poss                    |1    |
|[2018-12-31 21:00:00, 2018-12-31 22:00:00]|22500f                  |2    |
|[2018-12-31 22:00:00, 2018-12-31 23:00:00]|Caser                   |1    |
|[2018-12-31 22:00:00, 2018-12-31 23:00:00]|22500f                  |1    |
|[2018-12-31 22:00:00, 2018-12-31 23:00:00]|Audible Alarm           |4    |
+------------------------------------------+------------------------+-----+
only showing top 20 rows

-------------------------------------------
Batch: 7
-------------------------------------------
+------------------------------------------+------------------------+-----+
|window                                    |original_crime_type_name|count|
+------------------------------------------+------------------------+-----+
|[2018-12-31 22:00:00, 2018-12-31 23:00:00]|Intoxicated Person      |1    |
|[2018-12-31 23:00:00, 2019-01-01 00:00:00]|Audible Alarm           |4    |
|[2018-12-31 21:00:00, 2018-12-31 22:00:00]|Suspicious Vehicle      |4    |
|[2018-12-31 22:00:00, 2018-12-31 23:00:00]|Fight No Weapon         |3    |
|[2018-12-31 21:00:00, 2018-12-31 22:00:00]|Trespasser              |2    |
|[2018-12-31 22:00:00, 2018-12-31 23:00:00]|Homeless Complaint      |1    |
|[2018-12-31 22:00:00, 2018-12-31 23:00:00]|Vict                    |1    |
|[2018-12-31 22:00:00, 2018-12-31 23:00:00]|Explosion               |1    |
|[2018-12-31 22:00:00, 2018-12-31 23:00:00]|Veh Accident            |1    |
|[2018-12-31 23:00:00, 2019-01-01 00:00:00]|Drunk Driver            |1    |
|[2018-12-31 21:00:00, 2018-12-31 22:00:00]|Well Being Check        |1    |
|[2018-12-31 23:00:00, 2019-01-01 00:00:00]|Assault / Battery       |2    |
|[2018-12-31 21:00:00, 2018-12-31 22:00:00]|Meet W/citizen          |2    |
|[2018-12-31 22:00:00, 2018-12-31 23:00:00]|Assault / Battery       |1    |
|[2018-12-31 21:00:00, 2018-12-31 22:00:00]|Poss                    |1    |
|[2018-12-31 23:00:00, 2019-01-01 00:00:00]|Poss                    |1    |
|[2018-12-31 21:00:00, 2018-12-31 22:00:00]|22500f                  |2    |
|[2018-12-31 22:00:00, 2018-12-31 23:00:00]|Caser                   |1    |
|[2018-12-31 22:00:00, 2018-12-31 23:00:00]|22500f                  |1    |
|[2018-12-31 22:00:00, 2018-12-31 23:00:00]|Audible Alarm           |4    |
+------------------------------------------+------------------------+-----+
only showing top 20 rows

-------------------------------------------
Batch: 8
-------------------------------------------
+------------------------------------------+------------------------+-----+
|window                                    |original_crime_type_name|count|
+------------------------------------------+------------------------+-----+
|[2018-12-31 22:00:00, 2018-12-31 23:00:00]|Intoxicated Person      |1    |
|[2018-12-31 23:00:00, 2019-01-01 00:00:00]|Audible Alarm           |4    |
|[2018-12-31 21:00:00, 2018-12-31 22:00:00]|Suspicious Vehicle      |4    |
|[2018-12-31 22:00:00, 2018-12-31 23:00:00]|Fight No Weapon         |3    |
|[2018-12-31 21:00:00, 2018-12-31 22:00:00]|Trespasser              |2    |
|[2018-12-31 22:00:00, 2018-12-31 23:00:00]|Homeless Complaint      |1    |
|[2018-12-31 22:00:00, 2018-12-31 23:00:00]|Vict                    |1    |
|[2018-12-31 22:00:00, 2018-12-31 23:00:00]|Explosion               |1    |
|[2018-12-31 22:00:00, 2018-12-31 23:00:00]|Veh Accident            |1    |
|[2018-12-31 23:00:00, 2019-01-01 00:00:00]|Drunk Driver            |1    |
|[2018-12-31 21:00:00, 2018-12-31 22:00:00]|Well Being Check        |1    |
|[2018-12-31 23:00:00, 2019-01-01 00:00:00]|Assault / Battery       |2    |
|[2018-12-31 21:00:00, 2018-12-31 22:00:00]|Meet W/citizen          |2    |
|[2018-12-31 22:00:00, 2018-12-31 23:00:00]|Assault / Battery       |1    |
|[2018-12-31 21:00:00, 2018-12-31 22:00:00]|Poss                    |1    |
|[2018-12-31 23:00:00, 2019-01-01 00:00:00]|Poss                    |1    |
|[2018-12-31 21:00:00, 2018-12-31 22:00:00]|22500f                  |2    |
|[2018-12-31 22:00:00, 2018-12-31 23:00:00]|Caser                   |1    |
|[2018-12-31 22:00:00, 2018-12-31 23:00:00]|22500f                  |1    |
|[2018-12-31 22:00:00, 2018-12-31 23:00:00]|Audible Alarm           |4    |
+------------------------------------------+------------------------+-----+
only showing top 20 rows

-------------------------------------------
Batch: 9
-------------------------------------------
+------------------------------------------+------------------------+-----+
|window                                    |original_crime_type_name|count|
+------------------------------------------+------------------------+-----+
|[2018-12-31 22:00:00, 2018-12-31 23:00:00]|Intoxicated Person      |1    |
|[2018-12-31 23:00:00, 2019-01-01 00:00:00]|Audible Alarm           |4    |
|[2018-12-31 21:00:00, 2018-12-31 22:00:00]|Suspicious Vehicle      |4    |
|[2018-12-31 22:00:00, 2018-12-31 23:00:00]|Fight No Weapon         |3    |
|[2018-12-31 21:00:00, 2018-12-31 22:00:00]|Trespasser              |2    |
|[2018-12-31 22:00:00, 2018-12-31 23:00:00]|Homeless Complaint      |1    |
|[2018-12-31 22:00:00, 2018-12-31 23:00:00]|Vict                    |1    |
|[2018-12-31 22:00:00, 2018-12-31 23:00:00]|Explosion               |1    |
|[2018-12-31 22:00:00, 2018-12-31 23:00:00]|Veh Accident            |1    |
|[2018-12-31 23:00:00, 2019-01-01 00:00:00]|Drunk Driver            |1    |
|[2018-12-31 21:00:00, 2018-12-31 22:00:00]|Well Being Check        |1    |
|[2018-12-31 23:00:00, 2019-01-01 00:00:00]|Assault / Battery       |2    |
|[2018-12-31 21:00:00, 2018-12-31 22:00:00]|Meet W/citizen          |2    |
|[2018-12-31 22:00:00, 2018-12-31 23:00:00]|Assault / Battery       |1    |
|[2018-12-31 21:00:00, 2018-12-31 22:00:00]|Poss                    |1    |
|[2018-12-31 23:00:00, 2019-01-01 00:00:00]|Poss                    |1    |
|[2018-12-31 21:00:00, 2018-12-31 22:00:00]|22500f                  |2    |
|[2018-12-31 22:00:00, 2018-12-31 23:00:00]|Caser                   |1    |
|[2018-12-31 22:00:00, 2018-12-31 23:00:00]|22500f                  |1    |
|[2018-12-31 22:00:00, 2018-12-31 23:00:00]|Audible Alarm           |4    |
+------------------------------------------+------------------------+-----+
only showing top 20 rows